<?xml version="1.0" encoding="UTF-8"?>
<testsuite xmlns:xsi="http://www.w3.org/2001/XMLSchema-instance" xsi:noNamespaceSchemaLocation="https://maven.apache.org/surefire/maven-surefire-plugin/xsd/surefire-test-report.xsd" name="com.cvdam.BudgetApplicationTests" time="11.656" tests="1" errors="0" skipped="0" failures="0">
  <properties>
    <property name="java.specification.version" value="16"/>
    <property name="sun.cpu.isalist" value="amd64"/>
    <property name="sun.jnu.encoding" value="Cp1252"/>
    <property name="java.class.path" value="C:\Users\victor\eclipse-workspace\budget\target\test-classes;C:\Users\victor\eclipse-workspace\budget\target\classes;C:\Users\victor\.m2\repository\org\springframework\boot\spring-boot-starter-data-jpa\2.5.8\spring-boot-starter-data-jpa-2.5.8.jar;C:\Users\victor\.m2\repository\org\springframework\boot\spring-boot-starter-aop\2.5.8\spring-boot-starter-aop-2.5.8.jar;C:\Users\victor\.m2\repository\org\aspectj\aspectjweaver\1.9.7\aspectjweaver-1.9.7.jar;C:\Users\victor\.m2\repository\org\springframework\boot\spring-boot-starter-jdbc\2.5.8\spring-boot-starter-jdbc-2.5.8.jar;C:\Users\victor\.m2\repository\com\zaxxer\HikariCP\4.0.3\HikariCP-4.0.3.jar;C:\Users\victor\.m2\repository\org\springframework\spring-jdbc\5.3.14\spring-jdbc-5.3.14.jar;C:\Users\victor\.m2\repository\jakarta\transaction\jakarta.transaction-api\1.3.3\jakarta.transaction-api-1.3.3.jar;C:\Users\victor\.m2\repository\jakarta\persistence\jakarta.persistence-api\2.2.3\jakarta.persistence-api-2.2.3.jar;C:\Users\victor\.m2\repository\org\hibernate\hibernate-core\5.4.33\hibernate-core-5.4.33.jar;C:\Users\victor\.m2\repository\org\jboss\logging\jboss-logging\3.4.2.Final\jboss-logging-3.4.2.Final.jar;C:\Users\victor\.m2\repository\org\javassist\javassist\3.27.0-GA\javassist-3.27.0-GA.jar;C:\Users\victor\.m2\repository\net\bytebuddy\byte-buddy\1.10.22\byte-buddy-1.10.22.jar;C:\Users\victor\.m2\repository\antlr\antlr\2.7.7\antlr-2.7.7.jar;C:\Users\victor\.m2\repository\org\jboss\jandex\2.2.3.Final\jandex-2.2.3.Final.jar;C:\Users\victor\.m2\repository\org\dom4j\dom4j\2.1.3\dom4j-2.1.3.jar;C:\Users\victor\.m2\repository\org\hibernate\common\hibernate-commons-annotations\5.1.2.Final\hibernate-commons-annotations-5.1.2.Final.jar;C:\Users\victor\.m2\repository\org\glassfish\jaxb\jaxb-runtime\2.3.5\jaxb-runtime-2.3.5.jar;C:\Users\victor\.m2\repository\org\glassfish\jaxb\txw2\2.3.5\txw2-2.3.5.jar;C:\Users\victor\.m2\repository\com\sun\istack\istack-commons-runtime\3.0.12\istack-commons-runtime-3.0.12.jar;C:\Users\victor\.m2\repository\org\springframework\data\spring-data-jpa\2.5.7\spring-data-jpa-2.5.7.jar;C:\Users\victor\.m2\repository\org\springframework\data\spring-data-commons\2.5.7\spring-data-commons-2.5.7.jar;C:\Users\victor\.m2\repository\org\springframework\spring-orm\5.3.14\spring-orm-5.3.14.jar;C:\Users\victor\.m2\repository\org\springframework\spring-context\5.3.14\spring-context-5.3.14.jar;C:\Users\victor\.m2\repository\org\springframework\spring-tx\5.3.14\spring-tx-5.3.14.jar;C:\Users\victor\.m2\repository\org\springframework\spring-beans\5.3.14\spring-beans-5.3.14.jar;C:\Users\victor\.m2\repository\org\springframework\spring-aspects\5.3.14\spring-aspects-5.3.14.jar;C:\Users\victor\.m2\repository\org\springframework\boot\spring-boot-starter-validation\2.5.8\spring-boot-starter-validation-2.5.8.jar;C:\Users\victor\.m2\repository\org\springframework\boot\spring-boot-starter\2.5.8\spring-boot-starter-2.5.8.jar;C:\Users\victor\.m2\repository\org\springframework\boot\spring-boot-starter-logging\2.5.8\spring-boot-starter-logging-2.5.8.jar;C:\Users\victor\.m2\repository\ch\qos\logback\logback-classic\1.2.9\logback-classic-1.2.9.jar;C:\Users\victor\.m2\repository\ch\qos\logback\logback-core\1.2.9\logback-core-1.2.9.jar;C:\Users\victor\.m2\repository\org\apache\logging\log4j\log4j-to-slf4j\2.17.0\log4j-to-slf4j-2.17.0.jar;C:\Users\victor\.m2\repository\org\apache\logging\log4j\log4j-api\2.17.0\log4j-api-2.17.0.jar;C:\Users\victor\.m2\repository\org\slf4j\jul-to-slf4j\1.7.32\jul-to-slf4j-1.7.32.jar;C:\Users\victor\.m2\repository\jakarta\annotation\jakarta.annotation-api\1.3.5\jakarta.annotation-api-1.3.5.jar;C:\Users\victor\.m2\repository\org\yaml\snakeyaml\1.28\snakeyaml-1.28.jar;C:\Users\victor\.m2\repository\org\apache\tomcat\embed\tomcat-embed-el\9.0.56\tomcat-embed-el-9.0.56.jar;C:\Users\victor\.m2\repository\org\hibernate\validator\hibernate-validator\6.2.0.Final\hibernate-validator-6.2.0.Final.jar;C:\Users\victor\.m2\repository\jakarta\validation\jakarta.validation-api\2.0.2\jakarta.validation-api-2.0.2.jar;C:\Users\victor\.m2\repository\org\springframework\boot\spring-boot-starter-web\2.5.8\spring-boot-starter-web-2.5.8.jar;C:\Users\victor\.m2\repository\org\springframework\boot\spring-boot-starter-json\2.5.8\spring-boot-starter-json-2.5.8.jar;C:\Users\victor\.m2\repository\com\fasterxml\jackson\datatype\jackson-datatype-jdk8\2.12.6\jackson-datatype-jdk8-2.12.6.jar;C:\Users\victor\.m2\repository\com\fasterxml\jackson\datatype\jackson-datatype-jsr310\2.12.6\jackson-datatype-jsr310-2.12.6.jar;C:\Users\victor\.m2\repository\com\fasterxml\jackson\module\jackson-module-parameter-names\2.12.6\jackson-module-parameter-names-2.12.6.jar;C:\Users\victor\.m2\repository\org\springframework\boot\spring-boot-starter-tomcat\2.5.8\spring-boot-starter-tomcat-2.5.8.jar;C:\Users\victor\.m2\repository\org\apache\tomcat\embed\tomcat-embed-core\9.0.56\tomcat-embed-core-9.0.56.jar;C:\Users\victor\.m2\repository\org\apache\tomcat\embed\tomcat-embed-websocket\9.0.56\tomcat-embed-websocket-9.0.56.jar;C:\Users\victor\.m2\repository\org\springframework\spring-web\5.3.14\spring-web-5.3.14.jar;C:\Users\victor\.m2\repository\org\springframework\spring-webmvc\5.3.14\spring-webmvc-5.3.14.jar;C:\Users\victor\.m2\repository\org\springframework\spring-expression\5.3.14\spring-expression-5.3.14.jar;C:\Users\victor\.m2\repository\org\springframework\boot\spring-boot-starter-web-services\2.5.8\spring-boot-starter-web-services-2.5.8.jar;C:\Users\victor\.m2\repository\com\sun\xml\messaging\saaj\saaj-impl\1.5.3\saaj-impl-1.5.3.jar;C:\Users\victor\.m2\repository\jakarta\xml\soap\jakarta.xml.soap-api\1.4.2\jakarta.xml.soap-api-1.4.2.jar;C:\Users\victor\.m2\repository\org\jvnet\staxex\stax-ex\1.8.3\stax-ex-1.8.3.jar;C:\Users\victor\.m2\repository\com\sun\activation\jakarta.activation\1.2.2\jakarta.activation-1.2.2.jar;C:\Users\victor\.m2\repository\jakarta\xml\ws\jakarta.xml.ws-api\2.3.3\jakarta.xml.ws-api-2.3.3.jar;C:\Users\victor\.m2\repository\jakarta\jws\jakarta.jws-api\2.1.0\jakarta.jws-api-2.1.0.jar;C:\Users\victor\.m2\repository\org\springframework\spring-oxm\5.3.14\spring-oxm-5.3.14.jar;C:\Users\victor\.m2\repository\org\springframework\ws\spring-ws-core\3.1.2\spring-ws-core-3.1.2.jar;C:\Users\victor\.m2\repository\org\springframework\ws\spring-xml\3.1.2\spring-xml-3.1.2.jar;C:\Users\victor\.m2\repository\org\springframework\boot\spring-boot-starter-security\2.5.8\spring-boot-starter-security-2.5.8.jar;C:\Users\victor\.m2\repository\org\springframework\spring-aop\5.3.14\spring-aop-5.3.14.jar;C:\Users\victor\.m2\repository\org\springframework\security\spring-security-config\5.5.4\spring-security-config-5.5.4.jar;C:\Users\victor\.m2\repository\org\springframework\security\spring-security-core\5.5.4\spring-security-core-5.5.4.jar;C:\Users\victor\.m2\repository\org\springframework\security\spring-security-crypto\5.5.4\spring-security-crypto-5.5.4.jar;C:\Users\victor\.m2\repository\org\springframework\security\spring-security-web\5.5.4\spring-security-web-5.5.4.jar;C:\Users\victor\.m2\repository\org\springframework\boot\spring-boot-devtools\2.5.8\spring-boot-devtools-2.5.8.jar;C:\Users\victor\.m2\repository\org\springframework\boot\spring-boot\2.5.8\spring-boot-2.5.8.jar;C:\Users\victor\.m2\repository\org\springframework\boot\spring-boot-autoconfigure\2.5.8\spring-boot-autoconfigure-2.5.8.jar;C:\Users\victor\.m2\repository\com\h2database\h2\1.4.200\h2-1.4.200.jar;C:\Users\victor\.m2\repository\io\jsonwebtoken\jjwt\0.9.1\jjwt-0.9.1.jar;C:\Users\victor\.m2\repository\com\fasterxml\jackson\core\jackson-databind\2.12.6\jackson-databind-2.12.6.jar;C:\Users\victor\.m2\repository\com\fasterxml\jackson\core\jackson-annotations\2.12.6\jackson-annotations-2.12.6.jar;C:\Users\victor\.m2\repository\com\fasterxml\jackson\core\jackson-core\2.12.6\jackson-core-2.12.6.jar;C:\Users\victor\.m2\repository\mysql\mysql-connector-java\8.0.27\mysql-connector-java-8.0.27.jar;C:\Users\victor\.m2\repository\org\springframework\boot\spring-boot-starter-test\2.5.8\spring-boot-starter-test-2.5.8.jar;C:\Users\victor\.m2\repository\org\springframework\boot\spring-boot-test\2.5.8\spring-boot-test-2.5.8.jar;C:\Users\victor\.m2\repository\org\springframework\boot\spring-boot-test-autoconfigure\2.5.8\spring-boot-test-autoconfigure-2.5.8.jar;C:\Users\victor\.m2\repository\com\jayway\jsonpath\json-path\2.5.0\json-path-2.5.0.jar;C:\Users\victor\.m2\repository\net\minidev\json-smart\2.4.7\json-smart-2.4.7.jar;C:\Users\victor\.m2\repository\net\minidev\accessors-smart\2.4.7\accessors-smart-2.4.7.jar;C:\Users\victor\.m2\repository\org\ow2\asm\asm\9.1\asm-9.1.jar;C:\Users\victor\.m2\repository\jakarta\xml\bind\jakarta.xml.bind-api\2.3.3\jakarta.xml.bind-api-2.3.3.jar;C:\Users\victor\.m2\repository\jakarta\activation\jakarta.activation-api\1.2.2\jakarta.activation-api-1.2.2.jar;C:\Users\victor\.m2\repository\org\assertj\assertj-core\3.19.0\assertj-core-3.19.0.jar;C:\Users\victor\.m2\repository\org\hamcrest\hamcrest\2.2\hamcrest-2.2.jar;C:\Users\victor\.m2\repository\org\junit\jupiter\junit-jupiter\5.7.2\junit-jupiter-5.7.2.jar;C:\Users\victor\.m2\repository\org\junit\jupiter\junit-jupiter-api\5.7.2\junit-jupiter-api-5.7.2.jar;C:\Users\victor\.m2\repository\org\apiguardian\apiguardian-api\1.1.0\apiguardian-api-1.1.0.jar;C:\Users\victor\.m2\repository\org\opentest4j\opentest4j\1.2.0\opentest4j-1.2.0.jar;C:\Users\victor\.m2\repository\org\junit\platform\junit-platform-commons\1.7.2\junit-platform-commons-1.7.2.jar;C:\Users\victor\.m2\repository\org\junit\jupiter\junit-jupiter-params\5.7.2\junit-jupiter-params-5.7.2.jar;C:\Users\victor\.m2\repository\org\junit\jupiter\junit-jupiter-engine\5.7.2\junit-jupiter-engine-5.7.2.jar;C:\Users\victor\.m2\repository\org\junit\platform\junit-platform-engine\1.7.2\junit-platform-engine-1.7.2.jar;C:\Users\victor\.m2\repository\org\mockito\mockito-core\3.9.0\mockito-core-3.9.0.jar;C:\Users\victor\.m2\repository\net\bytebuddy\byte-buddy-agent\1.10.22\byte-buddy-agent-1.10.22.jar;C:\Users\victor\.m2\repository\org\objenesis\objenesis\3.2\objenesis-3.2.jar;C:\Users\victor\.m2\repository\org\mockito\mockito-junit-jupiter\3.9.0\mockito-junit-jupiter-3.9.0.jar;C:\Users\victor\.m2\repository\org\skyscreamer\jsonassert\1.5.0\jsonassert-1.5.0.jar;C:\Users\victor\.m2\repository\com\vaadin\external\google\android-json\0.0.20131108.vaadin1\android-json-0.0.20131108.vaadin1.jar;C:\Users\victor\.m2\repository\org\springframework\spring-core\5.3.14\spring-core-5.3.14.jar;C:\Users\victor\.m2\repository\org\springframework\spring-jcl\5.3.14\spring-jcl-5.3.14.jar;C:\Users\victor\.m2\repository\org\springframework\spring-test\5.3.14\spring-test-5.3.14.jar;C:\Users\victor\.m2\repository\org\xmlunit\xmlunit-core\2.8.4\xmlunit-core-2.8.4.jar;C:\Users\victor\.m2\repository\io\springfox\springfox-swagger2\2.9.2\springfox-swagger2-2.9.2.jar;C:\Users\victor\.m2\repository\io\swagger\swagger-annotations\1.5.20\swagger-annotations-1.5.20.jar;C:\Users\victor\.m2\repository\io\swagger\swagger-models\1.5.20\swagger-models-1.5.20.jar;C:\Users\victor\.m2\repository\io\springfox\springfox-spi\2.9.2\springfox-spi-2.9.2.jar;C:\Users\victor\.m2\repository\io\springfox\springfox-core\2.9.2\springfox-core-2.9.2.jar;C:\Users\victor\.m2\repository\io\springfox\springfox-schema\2.9.2\springfox-schema-2.9.2.jar;C:\Users\victor\.m2\repository\io\springfox\springfox-swagger-common\2.9.2\springfox-swagger-common-2.9.2.jar;C:\Users\victor\.m2\repository\io\springfox\springfox-spring-web\2.9.2\springfox-spring-web-2.9.2.jar;C:\Users\victor\.m2\repository\com\google\guava\guava\20.0\guava-20.0.jar;C:\Users\victor\.m2\repository\com\fasterxml\classmate\1.5.1\classmate-1.5.1.jar;C:\Users\victor\.m2\repository\org\slf4j\slf4j-api\1.7.32\slf4j-api-1.7.32.jar;C:\Users\victor\.m2\repository\org\springframework\plugin\spring-plugin-core\1.2.0.RELEASE\spring-plugin-core-1.2.0.RELEASE.jar;C:\Users\victor\.m2\repository\org\springframework\plugin\spring-plugin-metadata\1.2.0.RELEASE\spring-plugin-metadata-1.2.0.RELEASE.jar;C:\Users\victor\.m2\repository\org\mapstruct\mapstruct\1.2.0.Final\mapstruct-1.2.0.Final.jar;C:\Users\victor\.m2\repository\io\springfox\springfox-swagger-ui\2.9.2\springfox-swagger-ui-2.9.2.jar;"/>
    <property name="java.vm.vendor" value="Microsoft"/>
    <property name="sun.arch.data.model" value="64"/>
    <property name="user.variant" value=""/>
    <property name="java.vendor.url" value="https://www.microsoft.com"/>
    <property name="user.timezone" value="America/Sao_Paulo"/>
    <property name="os.name" value="Windows 10"/>
    <property name="java.vm.specification.version" value="16"/>
    <property name="sun.java.launcher" value="SUN_STANDARD"/>
    <property name="user.country" value="BR"/>
    <property name="sun.boot.library.path" value="C:\Program Files\Microsoft\jdk-16.0.2.7-hotspot\bin"/>
    <property name="sun.java.command" value="C:\Users\victor\AppData\Local\Temp\surefire7511873623907257824\surefirebooter161664933514169436.jar C:\Users\victor\AppData\Local\Temp\surefire7511873623907257824 2022-02-02T21-04-57_730-jvmRun1 surefire15889013088248442597tmp surefire_011238317564546786133tmp"/>
    <property name="jdk.debug" value="release"/>
    <property name="surefire.test.class.path" value="C:\Users\victor\eclipse-workspace\budget\target\test-classes;C:\Users\victor\eclipse-workspace\budget\target\classes;C:\Users\victor\.m2\repository\org\springframework\boot\spring-boot-starter-data-jpa\2.5.8\spring-boot-starter-data-jpa-2.5.8.jar;C:\Users\victor\.m2\repository\org\springframework\boot\spring-boot-starter-aop\2.5.8\spring-boot-starter-aop-2.5.8.jar;C:\Users\victor\.m2\repository\org\aspectj\aspectjweaver\1.9.7\aspectjweaver-1.9.7.jar;C:\Users\victor\.m2\repository\org\springframework\boot\spring-boot-starter-jdbc\2.5.8\spring-boot-starter-jdbc-2.5.8.jar;C:\Users\victor\.m2\repository\com\zaxxer\HikariCP\4.0.3\HikariCP-4.0.3.jar;C:\Users\victor\.m2\repository\org\springframework\spring-jdbc\5.3.14\spring-jdbc-5.3.14.jar;C:\Users\victor\.m2\repository\jakarta\transaction\jakarta.transaction-api\1.3.3\jakarta.transaction-api-1.3.3.jar;C:\Users\victor\.m2\repository\jakarta\persistence\jakarta.persistence-api\2.2.3\jakarta.persistence-api-2.2.3.jar;C:\Users\victor\.m2\repository\org\hibernate\hibernate-core\5.4.33\hibernate-core-5.4.33.jar;C:\Users\victor\.m2\repository\org\jboss\logging\jboss-logging\3.4.2.Final\jboss-logging-3.4.2.Final.jar;C:\Users\victor\.m2\repository\org\javassist\javassist\3.27.0-GA\javassist-3.27.0-GA.jar;C:\Users\victor\.m2\repository\net\bytebuddy\byte-buddy\1.10.22\byte-buddy-1.10.22.jar;C:\Users\victor\.m2\repository\antlr\antlr\2.7.7\antlr-2.7.7.jar;C:\Users\victor\.m2\repository\org\jboss\jandex\2.2.3.Final\jandex-2.2.3.Final.jar;C:\Users\victor\.m2\repository\org\dom4j\dom4j\2.1.3\dom4j-2.1.3.jar;C:\Users\victor\.m2\repository\org\hibernate\common\hibernate-commons-annotations\5.1.2.Final\hibernate-commons-annotations-5.1.2.Final.jar;C:\Users\victor\.m2\repository\org\glassfish\jaxb\jaxb-runtime\2.3.5\jaxb-runtime-2.3.5.jar;C:\Users\victor\.m2\repository\org\glassfish\jaxb\txw2\2.3.5\txw2-2.3.5.jar;C:\Users\victor\.m2\repository\com\sun\istack\istack-commons-runtime\3.0.12\istack-commons-runtime-3.0.12.jar;C:\Users\victor\.m2\repository\org\springframework\data\spring-data-jpa\2.5.7\spring-data-jpa-2.5.7.jar;C:\Users\victor\.m2\repository\org\springframework\data\spring-data-commons\2.5.7\spring-data-commons-2.5.7.jar;C:\Users\victor\.m2\repository\org\springframework\spring-orm\5.3.14\spring-orm-5.3.14.jar;C:\Users\victor\.m2\repository\org\springframework\spring-context\5.3.14\spring-context-5.3.14.jar;C:\Users\victor\.m2\repository\org\springframework\spring-tx\5.3.14\spring-tx-5.3.14.jar;C:\Users\victor\.m2\repository\org\springframework\spring-beans\5.3.14\spring-beans-5.3.14.jar;C:\Users\victor\.m2\repository\org\springframework\spring-aspects\5.3.14\spring-aspects-5.3.14.jar;C:\Users\victor\.m2\repository\org\springframework\boot\spring-boot-starter-validation\2.5.8\spring-boot-starter-validation-2.5.8.jar;C:\Users\victor\.m2\repository\org\springframework\boot\spring-boot-starter\2.5.8\spring-boot-starter-2.5.8.jar;C:\Users\victor\.m2\repository\org\springframework\boot\spring-boot-starter-logging\2.5.8\spring-boot-starter-logging-2.5.8.jar;C:\Users\victor\.m2\repository\ch\qos\logback\logback-classic\1.2.9\logback-classic-1.2.9.jar;C:\Users\victor\.m2\repository\ch\qos\logback\logback-core\1.2.9\logback-core-1.2.9.jar;C:\Users\victor\.m2\repository\org\apache\logging\log4j\log4j-to-slf4j\2.17.0\log4j-to-slf4j-2.17.0.jar;C:\Users\victor\.m2\repository\org\apache\logging\log4j\log4j-api\2.17.0\log4j-api-2.17.0.jar;C:\Users\victor\.m2\repository\org\slf4j\jul-to-slf4j\1.7.32\jul-to-slf4j-1.7.32.jar;C:\Users\victor\.m2\repository\jakarta\annotation\jakarta.annotation-api\1.3.5\jakarta.annotation-api-1.3.5.jar;C:\Users\victor\.m2\repository\org\yaml\snakeyaml\1.28\snakeyaml-1.28.jar;C:\Users\victor\.m2\repository\org\apache\tomcat\embed\tomcat-embed-el\9.0.56\tomcat-embed-el-9.0.56.jar;C:\Users\victor\.m2\repository\org\hibernate\validator\hibernate-validator\6.2.0.Final\hibernate-validator-6.2.0.Final.jar;C:\Users\victor\.m2\repository\jakarta\validation\jakarta.validation-api\2.0.2\jakarta.validation-api-2.0.2.jar;C:\Users\victor\.m2\repository\org\springframework\boot\spring-boot-starter-web\2.5.8\spring-boot-starter-web-2.5.8.jar;C:\Users\victor\.m2\repository\org\springframework\boot\spring-boot-starter-json\2.5.8\spring-boot-starter-json-2.5.8.jar;C:\Users\victor\.m2\repository\com\fasterxml\jackson\datatype\jackson-datatype-jdk8\2.12.6\jackson-datatype-jdk8-2.12.6.jar;C:\Users\victor\.m2\repository\com\fasterxml\jackson\datatype\jackson-datatype-jsr310\2.12.6\jackson-datatype-jsr310-2.12.6.jar;C:\Users\victor\.m2\repository\com\fasterxml\jackson\module\jackson-module-parameter-names\2.12.6\jackson-module-parameter-names-2.12.6.jar;C:\Users\victor\.m2\repository\org\springframework\boot\spring-boot-starter-tomcat\2.5.8\spring-boot-starter-tomcat-2.5.8.jar;C:\Users\victor\.m2\repository\org\apache\tomcat\embed\tomcat-embed-core\9.0.56\tomcat-embed-core-9.0.56.jar;C:\Users\victor\.m2\repository\org\apache\tomcat\embed\tomcat-embed-websocket\9.0.56\tomcat-embed-websocket-9.0.56.jar;C:\Users\victor\.m2\repository\org\springframework\spring-web\5.3.14\spring-web-5.3.14.jar;C:\Users\victor\.m2\repository\org\springframework\spring-webmvc\5.3.14\spring-webmvc-5.3.14.jar;C:\Users\victor\.m2\repository\org\springframework\spring-expression\5.3.14\spring-expression-5.3.14.jar;C:\Users\victor\.m2\repository\org\springframework\boot\spring-boot-starter-web-services\2.5.8\spring-boot-starter-web-services-2.5.8.jar;C:\Users\victor\.m2\repository\com\sun\xml\messaging\saaj\saaj-impl\1.5.3\saaj-impl-1.5.3.jar;C:\Users\victor\.m2\repository\jakarta\xml\soap\jakarta.xml.soap-api\1.4.2\jakarta.xml.soap-api-1.4.2.jar;C:\Users\victor\.m2\repository\org\jvnet\staxex\stax-ex\1.8.3\stax-ex-1.8.3.jar;C:\Users\victor\.m2\repository\com\sun\activation\jakarta.activation\1.2.2\jakarta.activation-1.2.2.jar;C:\Users\victor\.m2\repository\jakarta\xml\ws\jakarta.xml.ws-api\2.3.3\jakarta.xml.ws-api-2.3.3.jar;C:\Users\victor\.m2\repository\jakarta\jws\jakarta.jws-api\2.1.0\jakarta.jws-api-2.1.0.jar;C:\Users\victor\.m2\repository\org\springframework\spring-oxm\5.3.14\spring-oxm-5.3.14.jar;C:\Users\victor\.m2\repository\org\springframework\ws\spring-ws-core\3.1.2\spring-ws-core-3.1.2.jar;C:\Users\victor\.m2\repository\org\springframework\ws\spring-xml\3.1.2\spring-xml-3.1.2.jar;C:\Users\victor\.m2\repository\org\springframework\boot\spring-boot-starter-security\2.5.8\spring-boot-starter-security-2.5.8.jar;C:\Users\victor\.m2\repository\org\springframework\spring-aop\5.3.14\spring-aop-5.3.14.jar;C:\Users\victor\.m2\repository\org\springframework\security\spring-security-config\5.5.4\spring-security-config-5.5.4.jar;C:\Users\victor\.m2\repository\org\springframework\security\spring-security-core\5.5.4\spring-security-core-5.5.4.jar;C:\Users\victor\.m2\repository\org\springframework\security\spring-security-crypto\5.5.4\spring-security-crypto-5.5.4.jar;C:\Users\victor\.m2\repository\org\springframework\security\spring-security-web\5.5.4\spring-security-web-5.5.4.jar;C:\Users\victor\.m2\repository\org\springframework\boot\spring-boot-devtools\2.5.8\spring-boot-devtools-2.5.8.jar;C:\Users\victor\.m2\repository\org\springframework\boot\spring-boot\2.5.8\spring-boot-2.5.8.jar;C:\Users\victor\.m2\repository\org\springframework\boot\spring-boot-autoconfigure\2.5.8\spring-boot-autoconfigure-2.5.8.jar;C:\Users\victor\.m2\repository\com\h2database\h2\1.4.200\h2-1.4.200.jar;C:\Users\victor\.m2\repository\io\jsonwebtoken\jjwt\0.9.1\jjwt-0.9.1.jar;C:\Users\victor\.m2\repository\com\fasterxml\jackson\core\jackson-databind\2.12.6\jackson-databind-2.12.6.jar;C:\Users\victor\.m2\repository\com\fasterxml\jackson\core\jackson-annotations\2.12.6\jackson-annotations-2.12.6.jar;C:\Users\victor\.m2\repository\com\fasterxml\jackson\core\jackson-core\2.12.6\jackson-core-2.12.6.jar;C:\Users\victor\.m2\repository\mysql\mysql-connector-java\8.0.27\mysql-connector-java-8.0.27.jar;C:\Users\victor\.m2\repository\org\springframework\boot\spring-boot-starter-test\2.5.8\spring-boot-starter-test-2.5.8.jar;C:\Users\victor\.m2\repository\org\springframework\boot\spring-boot-test\2.5.8\spring-boot-test-2.5.8.jar;C:\Users\victor\.m2\repository\org\springframework\boot\spring-boot-test-autoconfigure\2.5.8\spring-boot-test-autoconfigure-2.5.8.jar;C:\Users\victor\.m2\repository\com\jayway\jsonpath\json-path\2.5.0\json-path-2.5.0.jar;C:\Users\victor\.m2\repository\net\minidev\json-smart\2.4.7\json-smart-2.4.7.jar;C:\Users\victor\.m2\repository\net\minidev\accessors-smart\2.4.7\accessors-smart-2.4.7.jar;C:\Users\victor\.m2\repository\org\ow2\asm\asm\9.1\asm-9.1.jar;C:\Users\victor\.m2\repository\jakarta\xml\bind\jakarta.xml.bind-api\2.3.3\jakarta.xml.bind-api-2.3.3.jar;C:\Users\victor\.m2\repository\jakarta\activation\jakarta.activation-api\1.2.2\jakarta.activation-api-1.2.2.jar;C:\Users\victor\.m2\repository\org\assertj\assertj-core\3.19.0\assertj-core-3.19.0.jar;C:\Users\victor\.m2\repository\org\hamcrest\hamcrest\2.2\hamcrest-2.2.jar;C:\Users\victor\.m2\repository\org\junit\jupiter\junit-jupiter\5.7.2\junit-jupiter-5.7.2.jar;C:\Users\victor\.m2\repository\org\junit\jupiter\junit-jupiter-api\5.7.2\junit-jupiter-api-5.7.2.jar;C:\Users\victor\.m2\repository\org\apiguardian\apiguardian-api\1.1.0\apiguardian-api-1.1.0.jar;C:\Users\victor\.m2\repository\org\opentest4j\opentest4j\1.2.0\opentest4j-1.2.0.jar;C:\Users\victor\.m2\repository\org\junit\platform\junit-platform-commons\1.7.2\junit-platform-commons-1.7.2.jar;C:\Users\victor\.m2\repository\org\junit\jupiter\junit-jupiter-params\5.7.2\junit-jupiter-params-5.7.2.jar;C:\Users\victor\.m2\repository\org\junit\jupiter\junit-jupiter-engine\5.7.2\junit-jupiter-engine-5.7.2.jar;C:\Users\victor\.m2\repository\org\junit\platform\junit-platform-engine\1.7.2\junit-platform-engine-1.7.2.jar;C:\Users\victor\.m2\repository\org\mockito\mockito-core\3.9.0\mockito-core-3.9.0.jar;C:\Users\victor\.m2\repository\net\bytebuddy\byte-buddy-agent\1.10.22\byte-buddy-agent-1.10.22.jar;C:\Users\victor\.m2\repository\org\objenesis\objenesis\3.2\objenesis-3.2.jar;C:\Users\victor\.m2\repository\org\mockito\mockito-junit-jupiter\3.9.0\mockito-junit-jupiter-3.9.0.jar;C:\Users\victor\.m2\repository\org\skyscreamer\jsonassert\1.5.0\jsonassert-1.5.0.jar;C:\Users\victor\.m2\repository\com\vaadin\external\google\android-json\0.0.20131108.vaadin1\android-json-0.0.20131108.vaadin1.jar;C:\Users\victor\.m2\repository\org\springframework\spring-core\5.3.14\spring-core-5.3.14.jar;C:\Users\victor\.m2\repository\org\springframework\spring-jcl\5.3.14\spring-jcl-5.3.14.jar;C:\Users\victor\.m2\repository\org\springframework\spring-test\5.3.14\spring-test-5.3.14.jar;C:\Users\victor\.m2\repository\org\xmlunit\xmlunit-core\2.8.4\xmlunit-core-2.8.4.jar;C:\Users\victor\.m2\repository\io\springfox\springfox-swagger2\2.9.2\springfox-swagger2-2.9.2.jar;C:\Users\victor\.m2\repository\io\swagger\swagger-annotations\1.5.20\swagger-annotations-1.5.20.jar;C:\Users\victor\.m2\repository\io\swagger\swagger-models\1.5.20\swagger-models-1.5.20.jar;C:\Users\victor\.m2\repository\io\springfox\springfox-spi\2.9.2\springfox-spi-2.9.2.jar;C:\Users\victor\.m2\repository\io\springfox\springfox-core\2.9.2\springfox-core-2.9.2.jar;C:\Users\victor\.m2\repository\io\springfox\springfox-schema\2.9.2\springfox-schema-2.9.2.jar;C:\Users\victor\.m2\repository\io\springfox\springfox-swagger-common\2.9.2\springfox-swagger-common-2.9.2.jar;C:\Users\victor\.m2\repository\io\springfox\springfox-spring-web\2.9.2\springfox-spring-web-2.9.2.jar;C:\Users\victor\.m2\repository\com\google\guava\guava\20.0\guava-20.0.jar;C:\Users\victor\.m2\repository\com\fasterxml\classmate\1.5.1\classmate-1.5.1.jar;C:\Users\victor\.m2\repository\org\slf4j\slf4j-api\1.7.32\slf4j-api-1.7.32.jar;C:\Users\victor\.m2\repository\org\springframework\plugin\spring-plugin-core\1.2.0.RELEASE\spring-plugin-core-1.2.0.RELEASE.jar;C:\Users\victor\.m2\repository\org\springframework\plugin\spring-plugin-metadata\1.2.0.RELEASE\spring-plugin-metadata-1.2.0.RELEASE.jar;C:\Users\victor\.m2\repository\org\mapstruct\mapstruct\1.2.0.Final\mapstruct-1.2.0.Final.jar;C:\Users\victor\.m2\repository\io\springfox\springfox-swagger-ui\2.9.2\springfox-swagger-ui-2.9.2.jar;"/>
    <property name="sun.cpu.endian" value="little"/>
    <property name="user.home" value="C:\Users\victor"/>
    <property name="user.language" value="pt"/>
    <property name="java.specification.vendor" value="Oracle Corporation"/>
    <property name="java.version.date" value="2021-07-20"/>
    <property name="java.home" value="C:\Program Files\Microsoft\jdk-16.0.2.7-hotspot"/>
    <property name="file.separator" value="\"/>
    <property name="basedir" value="C:\Users\victor\eclipse-workspace\budget"/>
    <property name="java.vm.compressedOopsMode" value="32-bit"/>
    <property name="line.separator" value="&#10;"/>
    <property name="java.vm.specification.vendor" value="Oracle Corporation"/>
    <property name="java.specification.name" value="Java Platform API Specification"/>
    <property name="surefire.real.class.path" value="C:\Users\victor\AppData\Local\Temp\surefire7511873623907257824\surefirebooter161664933514169436.jar"/>
    <property name="user.script" value=""/>
    <property name="sun.management.compiler" value="HotSpot 64-Bit Tiered Compilers"/>
    <property name="java.runtime.version" value="16.0.2+7"/>
    <property name="user.name" value="victor"/>
    <property name="path.separator" value=";"/>
    <property name="os.version" value="10.0"/>
    <property name="java.runtime.name" value="OpenJDK Runtime Environment"/>
    <property name="file.encoding" value="Cp1252"/>
    <property name="java.vm.name" value="OpenJDK 64-Bit Server VM"/>
    <property name="java.vendor.version" value="Microsoft-25298"/>
    <property name="localRepository" value="C:\Users\victor\.m2\repository"/>
    <property name="java.vendor.url.bug" value="https://github.com/microsoft/openjdk/issues"/>
    <property name="java.io.tmpdir" value="C:\Users\victor\AppData\Local\Temp\"/>
    <property name="java.version" value="16.0.2"/>
    <property name="user.dir" value="C:\Users\victor\eclipse-workspace\budget"/>
    <property name="os.arch" value="amd64"/>
    <property name="java.vm.specification.name" value="Java Virtual Machine Specification"/>
    <property name="sun.os.patch.level" value=""/>
    <property name="java.library.path" value="C:\Program Files\Microsoft\jdk-16.0.2.7-hotspot\bin;C:\Windows\Sun\Java\bin;C:\Windows\system32;C:\Windows;C:/Program Files/Microsoft/jdk-16.0.2.7-hotspot/bin/server;C:/Program Files/Microsoft/jdk-16.0.2.7-hotspot/bin;C:\PROGRA~1\MATROX~1.UTI\System64;C:\PROGRA~1\MATROX~1.UTI\System32;C:\Program Files (x86)\Intel\iCLS Client\;C:\Program Files\Intel\iCLS Client\;C:\Program Files (x86)\Embarcadero\Studio\21.0\bin;C:\Users\Public\Documents\Embarcadero\Studio\21.0\Bpl;C:\Program Files (x86)\Embarcadero\Studio\21.0\bin64;C:\Users\Public\Documents\Embarcadero\Studio\21.0\Bpl\Win64;C:\Program Files\Microsoft\jdk-16.0.2.7-hotspot\bin;C:\Program Files (x86)\CodeGear\RAD Studio\5.0\bin;C:\Users\Public\Documents\RAD Studio\5.0\Bpl;C:\Windows\system32;C:\Windows;C:\Windows\System32\Wbem;C:\Windows\System32\WindowsPowerShell\v1.0\;C:\Windows\System32\OpenSSH\;C:\Program Files\dotnet\;C:\Program Files\Microsoft SQL Server\130\Tools\Binn\;C:\Program Files\Microsoft SQL Server\Client SDK\ODBC\170\Tools\Binn\;C:\Program Files (x86)\Microsoft SQL Server\150\Tools\Binn\;C:\Program Files\Microsoft SQL Server\150\Tools\Binn\;C:\Program Files\Microsoft SQL Server\150\DTS\Binn\;C:\Program Files (x86)\Microsoft SQL Server\150\DTS\Binn\;C:\Program Files\Azure Data Studio\bin;C:\Program Files (x86)\Intel\Intel(R) Management Engine Components\DAL;C:\Program Files\Intel\Intel(R) Management Engine Components\DAL;C:\Program Files (x86)\Intel\Intel(R) Management Engine Components\IPT;C:\Program Files\Intel\Intel(R) Management Engine Components\IPT;C:\Program Files\Graphviz\bin;C:\Program Files\Docker\Docker\resources\bin;C:\ProgramData\DockerDesktop\version-bin;C:\Users\victor\AppData\Local\Microsoft\WindowsApps;C:\Users\victor\.dotnet\tools;C:\Program Files\Azure Data Studio\bin;C:\Users\victor\AppData\Local\GitHubDesktop\bin;C:\Users\victor\AppData\Local\Programs\Microsoft VS Code\bin;C:\Program Files\heroku\bin;C:\Users\victor\Desktop;;."/>
    <property name="java.vm.info" value="mixed mode, sharing"/>
    <property name="java.vendor" value="Microsoft"/>
    <property name="java.vm.version" value="16.0.2+7"/>
    <property name="sun.io.unicode.encoding" value="UnicodeLittle"/>
    <property name="java.class.version" value="60.0"/>
  </properties>
  <testcase name="contextLoads" classname="com.cvdam.BudgetApplicationTests" time="0.322"/>
</testsuite>